<?xml version="1.0" encoding="UTF-8"?>
<!-- Generated by org.testng.reporters.JUnitReportReporter -->
<testsuite hostname="LAPTOP-HD2RSVAT" failures="0" tests="1" name="Udemy.Maven.ExtentReportTest" time="6.106" errors="0" timestamp="2020-06-29T22:06:37 IST" skipped="0">
  <testcase classname="Udemy.Maven.ExtentReportTest" name="initialdemo" time="6.106"/>
  <system-out/>
</testsuite> <!-- Udemy.Maven.ExtentReportTest -->
