<?xml version="1.0" encoding="UTF-8"?>
<!-- Generated by org.testng.reporters.JUnitReportReporter -->
<testsuite hostname="LAPTOP-HD2RSVAT" failures="0" tests="1" name="Udemy.Maven.AppiumTest" time="0.006" errors="0" timestamp="2020-06-29T16:09:51 IST" skipped="0">
  <testcase classname="Udemy.Maven.AppiumTest" name="postJira" time="0.006"/>
  <system-out/>
</testsuite> <!-- Udemy.Maven.AppiumTest -->
