<?xml version="1.0" encoding="UTF-8"?>
<!-- Generated by org.testng.reporters.JUnitReportReporter -->
<testsuite hostname="LAPTOP-HD2RSVAT" failures="0" tests="2" name="Udemy.Maven.RestAssured" time="0.007" errors="0" timestamp="2020-06-29T16:09:28 IST" skipped="0">
  <testcase classname="Udemy.Maven.RestAssured" name="deleteTwitter" time="0.006"/>
  <system-out/>
  <testcase classname="Udemy.Maven.RestAssured" name="postJira" time="0.001"/>
  <system-out/>
</testsuite> <!-- Udemy.Maven.RestAssured -->
