<?xml version="1.0" encoding="UTF-8"?>
<!-- Generated by org.testng.reporters.JUnitReportReporter -->
<testsuite hostname="LAPTOP-HD2RSVAT" failures="0" tests="2" name="Udemy.Maven.RestAssuredTest" time="0.001" errors="0" timestamp="09 Jul 2020 18:35:02 GMT" skipped="0">
  <testcase classname="Udemy.Maven.RestAssuredTest" name="postJira" time="0.001"/>
  <testcase classname="Udemy.Maven.RestAssuredTest" name="deleteTwitter" time="0.000"/>
</testsuite> <!-- Udemy.Maven.RestAssuredTest -->
