<?xml version="1.0" encoding="UTF-8"?>
<!-- Generated by org.testng.reporters.JUnitReportReporter -->
<testsuite hostname="LAPTOP-HD2RSVAT" failures="0" tests="1" name="Udemy.Maven.ExtentReportTest" time="8.885" errors="0" timestamp="09 Jul 2020 19:39:51 GMT" skipped="0">
  <testcase classname="Udemy.Maven.ExtentReportTest" name="initialdemo" time="8.885"/>
</testsuite> <!-- Udemy.Maven.ExtentReportTest -->
