<?xml version="1.0" encoding="UTF-8"?>
<!-- Generated by org.testng.reporters.JUnitReportReporter -->
<testsuite hostname="LAPTOP-HD2RSVAT" failures="0" tests="1" name="Udemy.Maven.ExtentReportTest" time="6.502" errors="0" timestamp="09 Jul 2020 18:35:02 GMT" skipped="0">
  <testcase classname="Udemy.Maven.ExtentReportTest" name="initialdemo" time="6.502"/>
</testsuite> <!-- Udemy.Maven.ExtentReportTest -->
